{"meta": {"format": 3, "version": "7.10.7", "timestamp": "2025-10-12T17:38:29.909865", "branch_coverage": false, "show_contexts": false}, "files": {"hooks/dsfr_table_wrapper.py": {"executed_lines": [1, 9, 10, 12, 18, 49, 52, 53, 54, 57, 59], "summary": {"covered_lines": 9, "num_statements": 9, "percent_covered": 100.0, "percent_covered_display": "100", "missing_lines": 0, "excluded_lines": 4}, "missing_lines": [], "excluded_lines": [12, 13, 14, 15], "functions": {"on_page_content": {"executed_lines": [49, 52, 57, 59], "summary": {"covered_lines": 4, "num_statements": 4, "percent_covered": 100.0, "percent_covered_display": "100", "missing_lines": 0, "excluded_lines": 0}, "missing_lines": [], "excluded_lines": []}, "on_page_content.wrap_table": {"executed_lines": [53, 54], "summary": {"covered_lines": 2, "num_statements": 2, "percent_covered": 100.0, "percent_covered_display": "100", "missing_lines": 0, "excluded_lines": 0}, "missing_lines": [], "excluded_lines": []}, "": {"executed_lines": [1, 9, 10, 12, 18], "summary": {"covered_lines": 3, "num_statements": 3, "percent_covered": 100.0, "percent_covered_display": "100", "missing_lines": 0, "excluded_lines": 4}, "missing_lines": [], "excluded_lines": [12, 13, 14, 15]}}, "classes": {"": {"executed_lines": [1, 9, 10, 12, 18, 49, 52, 53, 54, 57, 59], "summary": {"covered_lines": 9, "num_statements": 9, "percent_covered": 100.0, "percent_covered_display": "100", "missing_lines": 0, "excluded_lines": 4}, "missing_lines": [], "excluded_lines": [12, 13, 14, 15]}}}, "hooks/pdf_copy.py": {"executed_lines": [2, 14, 15, 18, 25, 26, 27, 29, 30, 32, 33, 34, 35, 38, 39, 40, 41, 44, 45, 46], "summary": {"covered_lines": 19, "num_statements": 19, "percent_covered": 100.0, "percent_covered_display": "100", "missing_lines": 0, "excluded_lines": 0}, "missing_lines": [], "excluded_lines": [], "functions": {"on_post_build": {"executed_lines": [25, 26, 27, 29, 30, 32, 33, 34, 35, 38, 39, 40, 41, 44, 45, 46], "summary": {"covered_lines": 16, "num_statements": 16, "percent_covered": 100.0, "percent_covered_display": "100", "missing_lines": 0, "excluded_lines": 0}, "missing_lines": [], "excluded_lines": []}, "": {"executed_lines": [2, 14, 15, 18], "summary": {"covered_lines": 3, "num_statements": 3, "percent_covered": 100.0, "percent_covered_display": "100", "missing_lines": 0, "excluded_lines": 0}, "missing_lines": [], "excluded_lines": []}}, "classes": {"": {"executed_lines": [2, 14, 15, 18, 25, 26, 27, 29, 30, 32, 33, 34, 35, 38, 39, 40, 41, 44, 45, 46], "summary": {"covered_lines": 19, "num_statements": 19, "percent_covered": 100.0, "percent_covered_display": "100", "missing_lines": 0, "excluded_lines": 0}, "missing_lines": [], "excluded_lines": []}}}, "hooks/title_cleaner.py": {"executed_lines": [1, 3, 4, 6, 11, 39, 40, 42, 44], "summary": {"covered_lines": 7, "num_statements": 7, "percent_covered": 100.0, "percent_covered_display": "100", "missing_lines": 0, "excluded_lines": 3}, "missing_lines": [], "excluded_lines": [6, 7, 8], "functions": {"on_post_page": {"executed_lines": [39, 40, 42, 44], "summary": {"covered_lines": 4, "num_statements": 4, "percent_covered": 100.0, "percent_covered_display": "100", "missing_lines": 0, "excluded_lines": 0}, "missing_lines": [], "excluded_lines": []}, "": {"executed_lines": [1, 3, 4, 6, 11], "summary": {"covered_lines": 3, "num_statements": 3, "percent_covered": 100.0, "percent_covered_display": "100", "missing_lines": 0, "excluded_lines": 3}, "missing_lines": [], "excluded_lines": [6, 7, 8]}}, "classes": {"": {"executed_lines": [1, 3, 4, 6, 11, 39, 40, 42, 44], "summary": {"covered_lines": 7, "num_statements": 7, "percent_covered": 100.0, "percent_covered_display": "100", "missing_lines": 0, "excluded_lines": 3}, "missing_lines": [], "excluded_lines": [6, 7, 8]}}}, "scripts/__init__.py": {"executed_lines": [1], "summary": {"covered_lines": 0, "num_statements": 0, "percent_covered": 100.0, "percent_covered_display": "100", "missing_lines": 0, "excluded_lines": 0}, "missing_lines": [], "excluded_lines": [], "functions": {"": {"executed_lines": [1], "summary": {"covered_lines": 0, "num_statements": 0, "percent_covered": 100.0, "percent_covered_display": "100", "missing_lines": 0, "excluded_lines": 0}, "missing_lines": [], "excluded_lines": []}}, "classes": {"": {"executed_lines": [1], "summary": {"covered_lines": 0, "num_statements": 0, "percent_covered": 100.0, "percent_covered_display": "100", "missing_lines": 0, "excluded_lines": 0}, "missing_lines": [], "excluded_lines": []}}}, "scripts/calculate_scores.py": {"executed_lines": [2, 3, 4, 6, 7, 8, 11, 12, 15, 16, 17, 18, 19, 22, 24, 26, 27, 28, 29, 30, 31, 32, 33, 34, 35, 36, 37, 39, 42, 43, 46, 51, 85, 86, 87, 88, 90, 91, 92, 93, 94, 96, 97, 100, 101, 103, 104, 107, 108, 109, 110, 111, 114, 115, 116, 117, 118, 119, 120, 121, 123, 124, 126, 128, 129, 153, 155, 156, 157, 158, 159, 160, 163], "summary": {"covered_lines": 72, "num_statements": 72, "percent_covered": 100.0, "percent_covered_display": "100", "missing_lines": 0, "excluded_lines": 2}, "missing_lines": [], "excluded_lines": [163, 164], "functions": {"load_text": {"executed_lines": [12], "summary": {"covered_lines": 1, "num_statements": 1, "percent_covered": 100.0, "percent_covered_display": "100", "missing_lines": 0, "excluded_lines": 0}, "missing_lines": [], "excluded_lines": []}, "score_module": {"executed_lines": [16, 17, 18, 19], "summary": {"covered_lines": 4, "num_statements": 4, "percent_covered": 100.0, "percent_covered_display": "100", "missing_lines": 0, "excluded_lines": 0}, "missing_lines": [], "excluded_lines": []}, "get_validation_status": {"executed_lines": [24, 26, 27, 28, 29, 30, 31, 32, 33, 34, 35, 36, 37, 39], "summary": {"covered_lines": 14, "num_statements": 14, "percent_covered": 100.0, "percent_covered_display": "100", "missing_lines": 0, "excluded_lines": 0}, "missing_lines": [], "excluded_lines": []}, "generate_summary": {"executed_lines": [43, 46, 51, 85, 86, 87, 88, 90, 91, 92, 93, 94, 96, 97, 100, 101, 103, 104, 107, 108, 109, 110, 111, 114, 115, 116, 117, 118, 119, 120, 121, 123, 124, 126, 128, 129, 153, 155, 156, 157, 158, 159, 160], "summary": {"covered_lines": 43, "num_statements": 43, "percent_covered": 100.0, "percent_covered_display": "100", "missing_lines": 0, "excluded_lines": 0}, "missing_lines": [], "excluded_lines": []}, "": {"executed_lines": [2, 3, 4, 6, 7, 8, 11, 15, 22, 42, 163], "summary": {"covered_lines": 10, "num_statements": 10, "percent_covered": 100.0, "percent_covered_display": "100", "missing_lines": 0, "excluded_lines": 2}, "missing_lines": [], "excluded_lines": [163, 164]}}, "classes": {"": {"executed_lines": [2, 3, 4, 6, 7, 8, 11, 12, 15, 16, 17, 18, 19, 22, 24, 26, 27, 28, 29, 30, 31, 32, 33, 34, 35, 36, 37, 39, 42, 43, 46, 51, 85, 86, 87, 88, 90, 91, 92, 93, 94, 96, 97, 100, 101, 103, 104, 107, 108, 109, 110, 111, 114, 115, 116, 117, 118, 119, 120, 121, 123, 124, 126, 128, 129, 153, 155, 156, 157, 158, 159, 160, 163], "summary": {"covered_lines": 72, "num_statements": 72, "percent_covered": 100.0, "percent_covered_display": "100", "missing_lines": 0, "excluded_lines": 2}, "missing_lines": [], "excluded_lines": [163, 164]}}}, "scripts/enrich_pdf_metadata.py": {"executed_lines": [2, 17, 18, 19, 21, 22, 29, 37, 38, 39, 41, 42, 44, 46, 48, 50, 52, 53, 54, 55, 56, 63, 64, 67, 68, 69, 72, 74, 75, 78, 79, 80, 81, 82, 83, 84, 86, 87, 88, 91, 107], "summary": {"covered_lines": 39, "num_statements": 50, "percent_covered": 78.0, "percent_covered_display": "78", "missing_lines": 11, "excluded_lines": 2}, "missing_lines": [23, 24, 25, 26, 94, 95, 97, 99, 100, 102, 104], "excluded_lines": [107, 108], "functions": {"enrich_pdf_metadata": {"executed_lines": [37, 38, 39, 41, 42, 44, 46, 48, 50, 52, 53, 54, 55, 56, 63, 64, 67, 68, 69, 72, 74, 75, 78, 79, 80, 81, 82, 83, 84, 86, 87, 88], "summary": {"covered_lines": 32, "num_statements": 32, "percent_covered": 100.0, "percent_covered_display": "100", "missing_lines": 0, "excluded_lines": 0}, "missing_lines": [], "excluded_lines": []}, "main": {"executed_lines": [], "summary": {"covered_lines": 0, "num_statements": 7, "percent_covered": 0.0, "percent_covered_display": "0", "missing_lines": 7, "excluded_lines": 0}, "missing_lines": [94, 95, 97, 99, 100, 102, 104], "excluded_lines": []}, "": {"executed_lines": [2, 17, 18, 19, 21, 22, 29, 91, 107], "summary": {"covered_lines": 7, "num_statements": 11, "percent_covered": 63.63636363636363, "percent_covered_display": "64", "missing_lines": 4, "excluded_lines": 2}, "missing_lines": [23, 24, 25, 26], "excluded_lines": [107, 108]}}, "classes": {"": {"executed_lines": [2, 17, 18, 19, 21, 22, 29, 37, 38, 39, 41, 42, 44, 46, 48, 50, 52, 53, 54, 55, 56, 63, 64, 67, 68, 69, 72, 74, 75, 78, 79, 80, 81, 82, 83, 84, 86, 87, 88, 91, 107], "summary": {"covered_lines": 39, "num_statements": 50, "percent_covered": 78.0, "percent_covered_display": "78", "missing_lines": 11, "excluded_lines": 2}, "missing_lines": [23, 24, 25, 26, 94, 95, 97, 99, 100, 102, 104], "excluded_lines": [107, 108]}}}}, "totals": {"covered_lines": 146, "num_statements": 157, "percent_covered": 92.99363057324841, "percent_covered_display": "93", "missing_lines": 11, "excluded_lines": 11}}